<?xml version="1.0" encoding="UTF-8"?>
<!-- Generated by org.testng.reporters.JUnitXMLReporter -->
<testsuite hostname="DESKTOP-9CG36AF" ignored="0" name="Default test" tests="4" failures="0" timestamp="06 Nov 2021 18:55:45 GMT" time="0.046" errors="0">
  <testcase name="Div" time="0.013" classname="tests.NewTest"/>
  <testcase name="Mul" time="0.001" classname="tests.NewTest"/>
  <testcase name="Sub" time="0.0" classname="tests.NewTest"/>
  <testcase name="sum" time="0.001" classname="tests.NewTest"/>
</testsuite> <!-- Default test -->
