<?xml version="1.0" encoding="UTF-8"?>
<testng-results skipped="0" failed="0" ignored="0" total="4" passed="4">
  <reporter-output>
  </reporter-output>
  <suite name="Default suite" duration-ms="46" started-at="2021-11-06T18:55:45Z" finished-at="2021-11-06T18:55:45Z">
    <groups>
    </groups>
    <test name="Default test" duration-ms="46" started-at="2021-11-06T18:55:45Z" finished-at="2021-11-06T18:55:45Z">
      <class name="tests.NewTest">
        <test-method status="PASS" signature="Div()[pri:0, instance:tests.NewTest@55f3ddb1]" name="Div" duration-ms="13" started-at="2021-11-07T00:25:45Z" finished-at="2021-11-07T00:25:45Z">
          <reporter-output>
          </reporter-output>
        </test-method> <!-- Div -->
        <test-method status="PASS" signature="Mul()[pri:0, instance:tests.NewTest@55f3ddb1]" name="Mul" duration-ms="1" started-at="2021-11-07T00:25:45Z" finished-at="2021-11-07T00:25:45Z">
          <reporter-output>
          </reporter-output>
        </test-method> <!-- Mul -->
        <test-method status="PASS" signature="Sub()[pri:0, instance:tests.NewTest@55f3ddb1]" name="Sub" duration-ms="0" started-at="2021-11-07T00:25:45Z" finished-at="2021-11-07T00:25:45Z">
          <reporter-output>
          </reporter-output>
        </test-method> <!-- Sub -->
        <test-method status="PASS" signature="sum()[pri:0, instance:tests.NewTest@55f3ddb1]" name="sum" duration-ms="1" started-at="2021-11-07T00:25:45Z" finished-at="2021-11-07T00:25:45Z">
          <reporter-output>
          </reporter-output>
        </test-method> <!-- sum -->
      </class> <!-- tests.NewTest -->
    </test> <!-- Default test -->
  </suite> <!-- Default suite -->
</testng-results>
